<?xml version="1.0" encoding="UTF-8"?>
<!-- Generated by org.testng.reporters.JUnitXMLReporter -->
<testsuite ignored="0" hostname="LAPTOP-VFKJ2SC9" failures="2" tests="2" name="Verify the login page" time="8.809" errors="0" timestamp="2022-06-27T03:31:33 IST">
  <testcase classname="SS.LoginPageTest" name="verifyLoginWithCorrectCredentials" time="0.711">
    <failure type="java.lang.AssertionError" message="expected [https://smartstudio-stage.azul-arc.com/#/app] but found [https://smartstudio-stage.azul-arc.com/#/login]">
      <![CDATA[java.lang.AssertionError: expected [https://smartstudio-stage.azul-arc.com/#/app] but found [https://smartstudio-stage.azul-arc.com/#/login]
at SS.LoginPageTest.verifyLoginWithCorrectCredentials(LoginPageTest.java:32)
at java.base/java.util.ArrayList.forEach(ArrayList.java:1511)
... Removed 33 stack frames]]>
    </failure>
  </testcase> <!-- verifyLoginWithCorrectCredentials -->
  <testcase classname="SS.LoginPageTest" name="verifyLoginWithCorrectCredentials" time="0.737">
    <failure type="java.lang.NullPointerException" message="Cannot invoke &amp;quot;org.openqa.selenium.TakesScreenshot.getScreenshotAs(org.openqa.selenium.OutputType)&amp;quot; because &amp;quot;tst&amp;quot; is null">
      <![CDATA[java.lang.NullPointerException: Cannot invoke "org.openqa.selenium.TakesScreenshot.getScreenshotAs(org.openqa.selenium.OutputType)" because "tst" is null
at resources.base.getScreenshotPath(base.java:61)
at SS.Listeners.onTestFailure(Listeners.java:43)
at java.base/java.util.ArrayList.forEach(ArrayList.java:1511)
... Removed 24 stack frames]]>
    </failure>
  </testcase> <!-- verifyLoginWithCorrectCredentials -->
</testsuite> <!-- Verify the login page -->
