<?xml version="1.0" encoding="UTF-8"?>
<testng-results ignored="0" total="6" passed="5" failed="1" skipped="0">
  <reporter-output>
  </reporter-output>
  <suite started-at="2022-06-27T01:05:27 IST" name="Suite" finished-at="2022-06-27T01:05:59 IST" duration-ms="32060">
    <groups>
    </groups>
    <test started-at="2022-06-27T01:05:27 IST" name="Verify the login page" finished-at="2022-06-27T01:05:45 IST" duration-ms="18692">
      <class name="SS.LoginPageTest">
        <test-method is-config="true" signature="initialize()[pri:0, instance:SS.LoginPageTest@5bd03f44]" started-at="2022-06-27T01:05:27 IST" name="initialize" finished-at="2022-06-27T01:05:41 IST" duration-ms="14504" status="PASS">
          <reporter-output>
          </reporter-output>
        </test-method> <!-- initialize -->
        <test-method signature="verifyLoginWithCorrectCredentials(java.lang.String,java.lang.String)[pri:0, instance:SS.LoginPageTest@5bd03f44]" started-at="2022-06-27T01:05:41 IST" name="verifyLoginWithCorrectCredentials" finished-at="2022-06-27T01:05:41 IST" duration-ms="0" status="FAIL">
          <exception class="org.testng.TestNGException">
            <message>
              <![CDATA[
Method public void SS.LoginPageTest.verifyLoginWithCorrectCredentials(java.lang.String,java.lang.String) throws java.io.IOException,java.lang.InterruptedException requires a @DataProvider named : getData]]>
            </message>
            <full-stacktrace>
              <![CDATA[org.testng.TestNGException: 
Method public void SS.LoginPageTest.verifyLoginWithCorrectCredentials(java.lang.String,java.lang.String) throws java.io.IOException,java.lang.InterruptedException requires a @DataProvider named : getData
at org.testng.internal.Parameters.findDataProvider(Parameters.java:526)
at org.testng.internal.Parameters.handleParameters(Parameters.java:763)
at org.testng.internal.Parameters.handleParameters(Parameters.java:728)
at org.testng.internal.invokers.ParameterHandler.handleParameters(ParameterHandler.java:72)
at org.testng.internal.invokers.ParameterHandler.createParameters(ParameterHandler.java:51)
at org.testng.internal.invokers.TestInvoker$MethodInvocationAgent.invoke(TestInvoker.java:917)
at org.testng.internal.invokers.TestInvoker.invokeTestMethods(TestInvoker.java:194)
at org.testng.internal.invokers.TestMethodWorker.invokeTestMethods(TestMethodWorker.java:148)
at org.testng.internal.invokers.TestMethodWorker.run(TestMethodWorker.java:128)
at java.base/java.util.ArrayList.forEach(ArrayList.java:1511)
at org.testng.TestRunner.privateRun(TestRunner.java:806)
at org.testng.TestRunner.run(TestRunner.java:601)
at org.testng.SuiteRunner.runTest(SuiteRunner.java:433)
at org.testng.SuiteRunner.runSequentially(SuiteRunner.java:427)
at org.testng.SuiteRunner.privateRun(SuiteRunner.java:387)
at org.testng.SuiteRunner.run(SuiteRunner.java:330)
at org.testng.SuiteRunnerWorker.runSuite(SuiteRunnerWorker.java:52)
at org.testng.SuiteRunnerWorker.run(SuiteRunnerWorker.java:95)
at org.testng.TestNG.runSuitesSequentially(TestNG.java:1256)
at org.testng.TestNG.runSuitesLocally(TestNG.java:1176)
at org.testng.TestNG.runSuites(TestNG.java:1099)
at org.testng.TestNG.run(TestNG.java:1067)
at org.apache.maven.surefire.testng.TestNGExecutor.run(TestNGExecutor.java:283)
at org.apache.maven.surefire.testng.TestNGXmlTestSuite.execute(TestNGXmlTestSuite.java:75)
at org.apache.maven.surefire.testng.TestNGProvider.invoke(TestNGProvider.java:120)
at org.apache.maven.surefire.booter.ForkedBooter.invokeProviderInSameClassLoader(ForkedBooter.java:384)
at org.apache.maven.surefire.booter.ForkedBooter.runSuitesInProcess(ForkedBooter.java:345)
at org.apache.maven.surefire.booter.ForkedBooter.execute(ForkedBooter.java:126)
at org.apache.maven.surefire.booter.ForkedBooter.main(ForkedBooter.java:418)
]]>
            </full-stacktrace>
          </exception> <!-- org.testng.TestNGException -->
          <reporter-output>
          </reporter-output>
        </test-method> <!-- verifyLoginWithCorrectCredentials -->
        <test-method signature="verifyLoginWithIncorrectCredentials(java.lang.String,java.lang.String)[pri:0, instance:SS.LoginPageTest@5bd03f44]" started-at="2022-06-27T01:05:41 IST" name="verifyLoginWithIncorrectCredentials" data-provider="getValue" finished-at="2022-06-27T01:05:43 IST" duration-ms="1167" status="PASS">
          <params>
            <param index="0">
              <value>
                <![CDATA[jyotikharatmol@azularc.com]]>
              </value>
            </param>
            <param index="1">
              <value>
                <![CDATA[Password@3]]>
              </value>
            </param>
          </params>
          <reporter-output>
          </reporter-output>
        </test-method> <!-- verifyLoginWithIncorrectCredentials -->
        <test-method signature="verifyLoginWithIncorrectCredentials(java.lang.String,java.lang.String)[pri:0, instance:SS.LoginPageTest@5bd03f44]" started-at="2022-06-27T01:05:43 IST" name="verifyLoginWithIncorrectCredentials" data-provider="getValue" finished-at="2022-06-27T01:05:44 IST" duration-ms="1130" status="PASS">
          <params>
            <param index="0">
              <value>
                <![CDATA[jyoti.kharatmol@azularc.com]]>
              </value>
            </param>
            <param index="1">
              <value>
                <![CDATA[Password@1]]>
              </value>
            </param>
          </params>
          <reporter-output>
          </reporter-output>
        </test-method> <!-- verifyLoginWithIncorrectCredentials -->
        <test-method signature="verifyLoginWithIncorrectCredentials(java.lang.String,java.lang.String)[pri:0, instance:SS.LoginPageTest@5bd03f44]" started-at="2022-06-27T01:05:44 IST" name="verifyLoginWithIncorrectCredentials" data-provider="getValue" finished-at="2022-06-27T01:05:45 IST" duration-ms="1053" status="PASS">
          <params>
            <param index="0">
              <value>
                <![CDATA[jyotikharatmol@azularc.com]]>
              </value>
            </param>
            <param index="1">
              <value>
                <![CDATA[Password@T]]>
              </value>
            </param>
          </params>
          <reporter-output>
          </reporter-output>
        </test-method> <!-- verifyLoginWithIncorrectCredentials -->
        <test-method signature="verifyLoginWithNoData()[pri:0, instance:SS.LoginPageTest@5bd03f44]" started-at="2022-06-27T01:05:45 IST" name="verifyLoginWithNoData" finished-at="2022-06-27T01:05:45 IST" duration-ms="214" status="PASS">
          <reporter-output>
          </reporter-output>
        </test-method> <!-- verifyLoginWithNoData -->
        <test-method is-config="true" signature="teardown()[pri:0, instance:SS.LoginPageTest@5bd03f44]" started-at="2022-06-27T01:05:45 IST" name="teardown" finished-at="2022-06-27T01:05:45 IST" duration-ms="400" status="PASS">
          <reporter-output>
          </reporter-output>
        </test-method> <!-- teardown -->
      </class> <!-- SS.LoginPageTest -->
    </test> <!-- Verify the login page -->
    <test started-at="2022-06-27T01:05:45 IST" name="Verify the forgot password page" finished-at="2022-06-27T01:05:59 IST" duration-ms="13216">
      <class name="SS.ForgotPasswordPageTest">
        <test-method is-config="true" signature="initialize()[pri:0, instance:SS.ForgotPasswordPageTest@708f5957]" started-at="2022-06-27T01:05:45 IST" name="initialize" finished-at="2022-06-27T01:05:57 IST" duration-ms="11610" status="PASS">
          <reporter-output>
          </reporter-output>
        </test-method> <!-- initialize -->
        <test-method signature="ForgotPassword()[pri:0, instance:SS.ForgotPasswordPageTest@708f5957]" started-at="2022-06-27T01:05:57 IST" name="ForgotPassword" finished-at="2022-06-27T01:05:58 IST" duration-ms="1396" status="PASS">
          <reporter-output>
          </reporter-output>
        </test-method> <!-- ForgotPassword -->
        <test-method is-config="true" signature="teardown()[pri:0, instance:SS.ForgotPasswordPageTest@708f5957]" started-at="2022-06-27T01:05:58 IST" name="teardown" finished-at="2022-06-27T01:05:59 IST" duration-ms="208" status="PASS">
          <reporter-output>
          </reporter-output>
        </test-method> <!-- teardown -->
      </class> <!-- SS.ForgotPasswordPageTest -->
    </test> <!-- Verify the forgot password page -->
  </suite> <!-- Suite -->
</testng-results>
