<?xml version="1.0" encoding="UTF-8" ?>
<testsuite tests="8" failures="2" name="TestSuite" time="47.63" errors="0" skipped="0">
  <properties>
[...]
</properties>
  <testcase classname="SS_Solo.Instructor_DetailsTest" name="InstructorDetails" time="0.825">
    <failure message="Cannot invoke &quot;String.contains(java.lang.CharSequence)&quot; because the return value of &quot;org.openqa.selenium.WebElement.getAttribute(String)&quot; is null" type="java.lang.NullPointerException">java.lang.NullPointerException: Cannot invoke &quot;String.contains(java.lang.CharSequence)&quot; because the return value of &quot;org.openqa.selenium.WebElement.getAttribute(String)&quot; is null
	at SS_Solo.Instructor_DetailsTest.InstructorDetails(Instructor_DetailsTest.java:36)
</failure>
    <system-out>Configuring TestNG with: org.apache.maven.surefire.testng.conf.TestNG652Configurator@544a2ea6
</system-out>
    <system-err>SLF4J: Failed to load class &quot;org.slf4j.impl.StaticLoggerBinder&quot;.
SLF4J: Defaulting to no-operation (NOP) logger implementation
SLF4J: See http://www.slf4j.org/codes.html#StaticLoggerBinder for further details.
Starting ChromeDriver 113.0.5672.63 (0e1a4471d5ae5bf128b1bd8f4d627c8cbd55f70c-refs/branch-heads/5672@{#912}) on port 32265
Only local connections are allowed.
Please see https://chromedriver.chromium.org/security-considerations for suggestions on keeping ChromeDriver safe.
ChromeDriver was started successfully.
Starting ChromeDriver 113.0.5672.63 (0e1a4471d5ae5bf128b1bd8f4d627c8cbd55f70c-refs/branch-heads/5672@{#912}) on port 27949
Only local connections are allowed.
Please see https://chromedriver.chromium.org/security-considerations for suggestions on keeping ChromeDriver safe.
ChromeDriver was started successfully.
Starting ChromeDriver 113.0.5672.63 (0e1a4471d5ae5bf128b1bd8f4d627c8cbd55f70c-refs/branch-heads/5672@{#912}) on port 15481
Only local connections are allowed.
Please see https://chromedriver.chromium.org/security-considerations for suggestions on keeping ChromeDriver safe.
ChromeDriver was started successfully.
Starting ChromeDriver 113.0.5672.63 (0e1a4471d5ae5bf128b1bd8f4d627c8cbd55f70c-refs/branch-heads/5672@{#912}) on port 41211
Only local connections are allowed.
Please see https://chromedriver.chromium.org/security-considerations for suggestions on keeping ChromeDriver safe.
ChromeDriver was started successfully.
</system-err>
  </testcase>
  <testcase classname="SS_Uber.CreateSoloInstructorTest" name="CreateNewSoloInst" time="3.374">
    <failure message="element not interactable
  (Session info: chrome=113.0.5672.127)
Build info: version: &apos;4.9.1&apos;, revision: &apos;eb2032df7f&apos;
System info: os.name: &apos;Windows 10&apos;, os.arch: &apos;amd64&apos;, os.version: &apos;10.0&apos;, java.version: &apos;17.0.4.1&apos;
Driver info: org.openqa.selenium.chrome.ChromeDriver
Command: [d10e73ff03037b83c3bbf28578a06a17, sendKeysToElement {id=AF226018DEEA8B9C6906FE2CC1FC2DAB_element_49, value=[Ljava.lang.CharSequence;@772861aa}]
Capabilities {acceptInsecureCerts: false, browserName: chrome, browserVersion: 113.0.5672.127, chrome: {chromedriverVersion: 113.0.5672.63 (0e1a4471d5ae..., userDataDir: C:\Users\JYOTI_~1\AppData\L...}, goog:chromeOptions: {debuggerAddress: localhost:59066}, networkConnectionEnabled: false, pageLoadStrategy: normal, platformName: windows, proxy: Proxy(), se:cdp: ws://localhost:59066/devtoo..., se:cdpVersion: 113.0.5672.127, setWindowRect: true, strictFileInteractability: false, timeouts: {implicit: 0, pageLoad: 300000, script: 30000}, unhandledPromptBehavior: dismiss and notify, webauthn:extension:credBlob: true, webauthn:extension:largeBlob: true, webauthn:extension:minPinLength: true, webauthn:extension:prf: true, webauthn:virtualAuthenticators: true}
Element: [[ChromeDriver: chrome on windows (d10e73ff03037b83c3bbf28578a06a17)] -&gt; css selector: input[name=&apos;zip&apos;]]
Session ID: d10e73ff03037b83c3bbf28578a06a17" type="org.openqa.selenium.ElementNotInteractableException">org.openqa.selenium.ElementNotInteractableException: element not interactable
  (Session info: chrome=113.0.5672.127)
Build info: version: &apos;4.9.1&apos;, revision: &apos;eb2032df7f&apos;
System info: os.name: &apos;Windows 10&apos;, os.arch: &apos;amd64&apos;, os.version: &apos;10.0&apos;, java.version: &apos;17.0.4.1&apos;
Driver info: org.openqa.selenium.chrome.ChromeDriver
Command: [d10e73ff03037b83c3bbf28578a06a17, sendKeysToElement {id=AF226018DEEA8B9C6906FE2CC1FC2DAB_element_49, value=[Ljava.lang.CharSequence;@772861aa}]
Capabilities {acceptInsecureCerts: false, browserName: chrome, browserVersion: 113.0.5672.127, chrome: {chromedriverVersion: 113.0.5672.63 (0e1a4471d5ae..., userDataDir: C:\Users\JYOTI_~1\AppData\L...}, goog:chromeOptions: {debuggerAddress: localhost:59066}, networkConnectionEnabled: false, pageLoadStrategy: normal, platformName: windows, proxy: Proxy(), se:cdp: ws://localhost:59066/devtoo..., se:cdpVersion: 113.0.5672.127, setWindowRect: true, strictFileInteractability: false, timeouts: {implicit: 0, pageLoad: 300000, script: 30000}, unhandledPromptBehavior: dismiss and notify, webauthn:extension:credBlob: true, webauthn:extension:largeBlob: true, webauthn:extension:minPinLength: true, webauthn:extension:prf: true, webauthn:virtualAuthenticators: true}
Element: [[ChromeDriver: chrome on windows (d10e73ff03037b83c3bbf28578a06a17)] -&gt; css selector: input[name=&apos;zip&apos;]]
Session ID: d10e73ff03037b83c3bbf28578a06a17
	at java.base/jdk.internal.reflect.NativeConstructorAccessorImpl.newInstance0(Native Method)
	at java.base/jdk.internal.reflect.NativeConstructorAccessorImpl.newInstance(NativeConstructorAccessorImpl.java:77)
	at java.base/jdk.internal.reflect.DelegatingConstructorAccessorImpl.newInstance(DelegatingConstructorAccessorImpl.java:45)
	at java.base/java.lang.reflect.Constructor.newInstanceWithCaller(Constructor.java:499)
	at java.base/java.lang.reflect.Constructor.newInstance(Constructor.java:480)
	at org.openqa.selenium.remote.codec.w3c.W3CHttpResponseCodec.createException(W3CHttpResponseCodec.java:200)
	at org.openqa.selenium.remote.codec.w3c.W3CHttpResponseCodec.decode(W3CHttpResponseCodec.java:133)
	at org.openqa.selenium.remote.codec.w3c.W3CHttpResponseCodec.decode(W3CHttpResponseCodec.java:53)
	at org.openqa.selenium.remote.HttpCommandExecutor.execute(HttpCommandExecutor.java:193)
	at org.openqa.selenium.remote.service.DriverCommandExecutor.invokeExecute(DriverCommandExecutor.java:183)
	at org.openqa.selenium.remote.service.DriverCommandExecutor.execute(DriverCommandExecutor.java:158)
	at org.openqa.selenium.remote.RemoteWebDriver.execute(RemoteWebDriver.java:543)
	at org.openqa.selenium.remote.RemoteWebElement.execute(RemoteWebElement.java:257)
	at org.openqa.selenium.remote.RemoteWebElement.sendKeys(RemoteWebElement.java:113)
	at java.base/jdk.internal.reflect.NativeMethodAccessorImpl.invoke0(Native Method)
	at java.base/jdk.internal.reflect.NativeMethodAccessorImpl.invoke(NativeMethodAccessorImpl.java:77)
	at java.base/jdk.internal.reflect.DelegatingMethodAccessorImpl.invoke(DelegatingMethodAccessorImpl.java:43)
	at java.base/java.lang.reflect.Method.invoke(Method.java:568)
	at org.openqa.selenium.support.pagefactory.internal.LocatingElementHandler.invoke(LocatingElementHandler.java:52)
	at jdk.proxy2/jdk.proxy2.$Proxy14.sendKeys(Unknown Source)
	at SS_Uber.CreateSoloInstructorTest.CreateNewSoloInst(CreateSoloInstructorTest.java:43)
</failure>
  </testcase>
  <testcase classname="SS_Uber.ForgotPasswordPageTest" name="ForgotPassword" time="3.11"/>
  <testcase classname="SS_Uber.LoginPageTest" name="verifyLoginWithCorrectCredentials" time="21.691"/>
  <testcase classname="SS_Uber.LoginPageTest" name="verifyLoginWithIncorrectCredentials" time="4.696"/>
  <testcase classname="SS_Uber.LoginPageTest" name="verifyLoginWithIncorrectCredentials" time="12.535"/>
  <testcase classname="SS_Uber.LoginPageTest" name="verifyLoginWithIncorrectCredentials" time="1.065"/>
  <testcase classname="SS_Uber.LoginPageTest" name="verifyLoginWithNoData" time="0.334"/>
</testsuite>