-------------------------------------------------------------------------------
Test set: TestSuite
-------------------------------------------------------------------------------
Tests run: 6, Failures: 1, Errors: 0, Skipped: 0, Time elapsed: 34.736 s <<< FAILURE! - in TestSuite
verifyLoginWithCorrectCredentials(SS.LoginPageTest)  Time elapsed: 16.953 s  <<< FAILURE!
org.testng.TestNGException: 

Method public void SS.LoginPageTest.verifyLoginWithCorrectCredentials(java.lang.String,java.lang.String) throws java.io.IOException,java.lang.InterruptedException requires a @DataProvider named : getData

